This file contains any messages produced by compilers while
running configure, to aid debugging if configure makes a mistake.

It was created by log4cpp configure 1.1, which was
generated by GNU Autoconf 2.69.  Invocation command line was

  $ ./configure --prefix=/home/yii/QiLe_ENV

## --------- ##
## Platform. ##
## --------- ##

hostname = yii
uname -m = x86_64
uname -r = 6.8.0-49-generic
uname -s = Linux
uname -v = #49~22.04.1-Ubuntu SMP PREEMPT_DYNAMIC Wed Nov  6 17:42:15 UTC 2

/usr/bin/uname -p = x86_64
/bin/uname -X     = unknown

/bin/arch              = x86_64
/usr/bin/arch -k       = unknown
/usr/convex/getsysinfo = unknown
/usr/bin/hostinfo      = unknown
/bin/machine           = unknown
/usr/bin/oslevel       = unknown
/bin/universe          = unknown

PATH: /opt/ros/humble/bin
PATH: /home/yii/.cargo/bin
PATH: /home/yii/.local/bin
PATH: /usr/local/sbin
PATH: /usr/local/bin
PATH: /usr/sbin
PATH: /usr/bin
PATH: /sbin
PATH: /bin
PATH: /usr/games
PATH: /usr/local/games
PATH: /snap/bin
PATH: /snap/bin
PATH: /home/yii/.local/bin
PATH: /opt/clion/bin


## ----------- ##
## Core tests. ##
## ----------- ##

configure:2457: checking for a BSD-compatible install
configure:2525: result: /usr/bin/install -c
configure:2536: checking whether build environment is sane
configure:2591: result: yes
configure:2742: checking for a thread-safe mkdir -p
configure:2781: result: /usr/bin/mkdir -p
configure:2788: checking for gawk
configure:2818: result: no
configure:2788: checking for mawk
configure:2804: found /usr/bin/mawk
configure:2815: result: mawk
configure:2826: checking whether make sets $(MAKE)
configure:2848: result: yes
configure:2877: checking whether make supports nested variables
configure:2894: result: yes
configure:3036: checking build system type
configure:3050: result: x86_64-unknown-linux-gnu
configure:3070: checking host system type
configure:3083: result: x86_64-unknown-linux-gnu
configure:3166: checking how to print strings
configure:3193: result: printf
configure:3218: checking whether make supports the include directive
configure:3233: make -f confmf.GNU && cat confinc.out
this is the am__doit target
configure:3236: $? = 0
configure:3255: result: yes (GNU style)
configure:3325: checking for gcc
configure:3341: found /usr/bin/gcc
configure:3352: result: gcc
configure:3581: checking for C compiler version
configure:3590: gcc --version >&5
gcc (Ubuntu 11.4.0-1ubuntu1~22.04) 11.4.0
Copyright (C) 2021 Free Software Foundation, Inc.
This is free software; see the source for copying conditions.  There is NO
warranty; not even for MERCHANTABILITY or FITNESS FOR A PARTICULAR PURPOSE.

configure:3601: $? = 0
configure:3590: gcc -v >&5
Using built-in specs.
COLLECT_GCC=gcc
COLLECT_LTO_WRAPPER=/usr/lib/gcc/x86_64-linux-gnu/11/lto-wrapper
OFFLOAD_TARGET_NAMES=nvptx-none:amdgcn-amdhsa
OFFLOAD_TARGET_DEFAULT=1
Target: x86_64-linux-gnu
Configured with: ../src/configure -v --with-pkgversion='Ubuntu 11.4.0-1ubuntu1~22.04' --with-bugurl=file:///usr/share/doc/gcc-11/README.Bugs --enable-languages=c,ada,c++,go,brig,d,fortran,objc,obj-c++,m2 --prefix=/usr --with-gcc-major-version-only --program-suffix=-11 --program-prefix=x86_64-linux-gnu- --enable-shared --enable-linker-build-id --libexecdir=/usr/lib --without-included-gettext --enable-threads=posix --libdir=/usr/lib --enable-nls --enable-bootstrap --enable-clocale=gnu --enable-libstdcxx-debug --enable-libstdcxx-time=yes --with-default-libstdcxx-abi=new --enable-gnu-unique-object --disable-vtable-verify --enable-plugin --enable-default-pie --with-system-zlib --enable-libphobos-checking=release --with-target-system-zlib=auto --enable-objc-gc=auto --enable-multiarch --disable-werror --enable-cet --with-arch-32=i686 --with-abi=m64 --with-multilib-list=m32,m64,mx32 --enable-multilib --with-tune=generic --enable-offload-targets=nvptx-none=/build/gcc-11-XeT9lY/gcc-11-11.4.0/debian/tmp-nvptx/usr,amdgcn-amdhsa=/build/gcc-11-XeT9lY/gcc-11-11.4.0/debian/tmp-gcn/usr --without-cuda-driver --enable-checking=release --build=x86_64-linux-gnu --host=x86_64-linux-gnu --target=x86_64-linux-gnu --with-build-config=bootstrap-lto-lean --enable-link-serialization=2
Thread model: posix
Supported LTO compression algorithms: zlib zstd
gcc version 11.4.0 (Ubuntu 11.4.0-1ubuntu1~22.04) 
... rest of stderr output deleted ...
configure:3601: $? = 0
configure:3590: gcc -V >&5
gcc: error: unrecognized command-line option '-V'
gcc: fatal error: no input files
compilation terminated.
configure:3601: $? = 1
configure:3590: gcc -qversion >&5
gcc: error: unrecognized command-line option '-qversion'; did you mean '--version'?
gcc: fatal error: no input files
compilation terminated.
configure:3601: $? = 1
configure:3621: checking whether the C compiler works
configure:3643: gcc    conftest.c  >&5
configure:3647: $? = 0
configure:3695: result: yes
configure:3698: checking for C compiler default output file name
configure:3700: result: a.out
configure:3706: checking for suffix of executables
configure:3713: gcc -o conftest    conftest.c  >&5
configure:3717: $? = 0
configure:3739: result: 
configure:3761: checking whether we are cross compiling
configure:3769: gcc -o conftest    conftest.c  >&5
configure:3773: $? = 0
configure:3780: ./conftest
configure:3784: $? = 0
configure:3799: result: no
configure:3804: checking for suffix of object files
configure:3826: gcc -c   conftest.c >&5
configure:3830: $? = 0
configure:3851: result: o
configure:3855: checking whether we are using the GNU C compiler
configure:3874: gcc -c   conftest.c >&5
configure:3874: $? = 0
configure:3883: result: yes
configure:3892: checking whether gcc accepts -g
configure:3912: gcc -c -g  conftest.c >&5
configure:3912: $? = 0
configure:3953: result: yes
configure:3970: checking for gcc option to accept ISO C89
configure:4033: gcc  -c -g -O2  conftest.c >&5
configure:4033: $? = 0
configure:4046: result: none needed
configure:4071: checking whether gcc understands -c and -o together
configure:4093: gcc -c conftest.c -o conftest2.o
configure:4096: $? = 0
configure:4093: gcc -c conftest.c -o conftest2.o
configure:4096: $? = 0
configure:4108: result: yes
configure:4127: checking dependency style of gcc
configure:4238: result: gcc3
configure:4253: checking for a sed that does not truncate output
configure:4317: result: /usr/bin/sed
configure:4335: checking for grep that handles long lines and -e
configure:4393: result: /usr/bin/grep
configure:4398: checking for egrep
configure:4460: result: /usr/bin/grep -E
configure:4465: checking for fgrep
configure:4527: result: /usr/bin/grep -F
configure:4562: checking for ld used by gcc
configure:4629: result: /usr/bin/ld
configure:4636: checking if the linker (/usr/bin/ld) is GNU ld
configure:4651: result: yes
configure:4663: checking for BSD- or MS-compatible name lister (nm)
configure:4717: result: /usr/bin/nm -B
configure:4847: checking the name lister (/usr/bin/nm -B) interface
configure:4854: gcc -c -g -O2  conftest.c >&5
configure:4857: /usr/bin/nm -B "conftest.o"
configure:4860: output
0000000000000000 B some_variable
configure:4867: result: BSD nm
configure:4870: checking whether ln -s works
configure:4874: result: yes
configure:4882: checking the maximum length of command line arguments
configure:5013: result: 1572864
configure:5061: checking how to convert x86_64-unknown-linux-gnu file names to x86_64-unknown-linux-gnu format
configure:5101: result: func_convert_file_noop
configure:5108: checking how to convert x86_64-unknown-linux-gnu file names to toolchain format
configure:5128: result: func_convert_file_noop
configure:5135: checking for /usr/bin/ld option to reload object files
configure:5142: result: -r
configure:5216: checking for objdump
configure:5232: found /usr/bin/objdump
configure:5243: result: objdump
configure:5275: checking how to recognize dependent libraries
configure:5475: result: pass_all
configure:5560: checking for dlltool
configure:5590: result: no
configure:5620: checking how to associate runtime and link libraries
configure:5647: result: printf %s\n
configure:5708: checking for ar
configure:5724: found /usr/bin/ar
configure:5735: result: ar
configure:5772: checking for archiver @FILE support
configure:5789: gcc -c -g -O2  conftest.c >&5
configure:5789: $? = 0
configure:5792: ar cr libconftest.a @conftest.lst >&5
configure:5795: $? = 0
configure:5800: ar cr libconftest.a @conftest.lst >&5
ar: conftest.o: No such file or directory
configure:5803: $? = 1
configure:5815: result: @
configure:5873: checking for strip
configure:5889: found /usr/bin/strip
configure:5900: result: strip
configure:5972: checking for ranlib
configure:5988: found /usr/bin/ranlib
configure:5999: result: ranlib
configure:6101: checking command to parse /usr/bin/nm -B output from gcc object
configure:6254: gcc -c -g -O2  conftest.c >&5
configure:6257: $? = 0
configure:6261: /usr/bin/nm -B conftest.o | sed -n -e 's/^.*[	 ]\([ABCDGIRSTW][ABCDGIRSTW]*\)[	 ][	 ]*\([_A-Za-z][_A-Za-z0-9]*\)$/\1 \2 \2/p' | sed '/ __gnu_lto/d' > conftest.nm
configure:6327: gcc -o conftest -g -O2   conftest.c conftstm.o >&5
configure:6330: $? = 0
configure:6368: result: ok
configure:6415: checking for sysroot
configure:6445: result: no
configure:6452: checking for a working dd
configure:6490: result: /usr/bin/dd
configure:6494: checking how to truncate binary pipes
configure:6509: result: /usr/bin/dd bs=4096 count=1
configure:6645: gcc -c -g -O2  conftest.c >&5
configure:6648: $? = 0
configure:6838: checking for mt
configure:6854: found /usr/bin/mt
configure:6865: result: mt
configure:6888: checking if mt is a manifest tool
configure:6894: mt '-?'
configure:6902: result: no
configure:7579: checking how to run the C preprocessor
configure:7610: gcc -E  conftest.c
configure:7610: $? = 0
configure:7624: gcc -E  conftest.c
conftest.c:11:10: fatal error: ac_nonexistent.h: No such file or directory
   11 | #include <ac_nonexistent.h>
      |          ^~~~~~~~~~~~~~~~~~
compilation terminated.
configure:7624: $? = 1
configure: failed program was:
| /* confdefs.h */
| #define PACKAGE_NAME "log4cpp"
| #define PACKAGE_TARNAME "log4cpp"
| #define PACKAGE_VERSION "1.1"
| #define PACKAGE_STRING "log4cpp 1.1"
| #define PACKAGE_BUGREPORT ""
| #define PACKAGE_URL ""
| #define PACKAGE "log4cpp"
| #define VERSION "1.1"
| /* end confdefs.h.  */
| #include <ac_nonexistent.h>
configure:7649: result: gcc -E
configure:7669: gcc -E  conftest.c
configure:7669: $? = 0
configure:7683: gcc -E  conftest.c
conftest.c:11:10: fatal error: ac_nonexistent.h: No such file or directory
   11 | #include <ac_nonexistent.h>
      |          ^~~~~~~~~~~~~~~~~~
compilation terminated.
configure:7683: $? = 1
configure: failed program was:
| /* confdefs.h */
| #define PACKAGE_NAME "log4cpp"
| #define PACKAGE_TARNAME "log4cpp"
| #define PACKAGE_VERSION "1.1"
| #define PACKAGE_STRING "log4cpp 1.1"
| #define PACKAGE_BUGREPORT ""
| #define PACKAGE_URL ""
| #define PACKAGE "log4cpp"
| #define VERSION "1.1"
| /* end confdefs.h.  */
| #include <ac_nonexistent.h>
configure:7712: checking for ANSI C header files
configure:7732: gcc -c -g -O2  conftest.c >&5
configure:7732: $? = 0
configure:7805: gcc -o conftest -g -O2   conftest.c  >&5
configure:7805: $? = 0
configure:7805: ./conftest
configure:7805: $? = 0
configure:7816: result: yes
configure:7829: checking for sys/types.h
configure:7829: gcc -c -g -O2  conftest.c >&5
configure:7829: $? = 0
configure:7829: result: yes
configure:7829: checking for sys/stat.h
configure:7829: gcc -c -g -O2  conftest.c >&5
configure:7829: $? = 0
configure:7829: result: yes
configure:7829: checking for stdlib.h
configure:7829: gcc -c -g -O2  conftest.c >&5
configure:7829: $? = 0
configure:7829: result: yes
configure:7829: checking for string.h
configure:7829: gcc -c -g -O2  conftest.c >&5
configure:7829: $? = 0
configure:7829: result: yes
configure:7829: checking for memory.h
configure:7829: gcc -c -g -O2  conftest.c >&5
configure:7829: $? = 0
configure:7829: result: yes
configure:7829: checking for strings.h
configure:7829: gcc -c -g -O2  conftest.c >&5
configure:7829: $? = 0
configure:7829: result: yes
configure:7829: checking for inttypes.h
configure:7829: gcc -c -g -O2  conftest.c >&5
configure:7829: $? = 0
configure:7829: result: yes
configure:7829: checking for stdint.h
configure:7829: gcc -c -g -O2  conftest.c >&5
configure:7829: $? = 0
configure:7829: result: yes
configure:7829: checking for unistd.h
configure:7829: gcc -c -g -O2  conftest.c >&5
configure:7829: $? = 0
configure:7829: result: yes
configure:7843: checking for dlfcn.h
configure:7843: gcc -c -g -O2  conftest.c >&5
configure:7843: $? = 0
configure:7843: result: yes
configure:8099: checking for objdir
configure:8114: result: .libs
configure:8374: checking if gcc supports -fno-rtti -fno-exceptions
configure:8392: gcc -c -g -O2  -fno-rtti -fno-exceptions conftest.c >&5
cc1: warning: command-line option '-fno-rtti' is valid for C++/D/ObjC++ but not for C
configure:8396: $? = 0
configure:8409: result: no
configure:8773: checking for gcc option to produce PIC
configure:8780: result: -fPIC -DPIC
configure:8788: checking if gcc PIC flag -fPIC -DPIC works
configure:8806: gcc -c -g -O2  -fPIC -DPIC -DPIC conftest.c >&5
configure:8810: $? = 0
configure:8823: result: yes
configure:8852: checking if gcc static flag -static works
configure:8880: result: yes
configure:8895: checking if gcc supports -c -o file.o
configure:8916: gcc -c -g -O2  -o out/conftest2.o conftest.c >&5
configure:8920: $? = 0
configure:8942: result: yes
configure:8950: checking if gcc supports -c -o file.o
configure:8997: result: yes
configure:9030: checking whether the gcc linker (/usr/bin/ld -m elf_x86_64) supports shared libraries
configure:10293: result: yes
configure:10330: checking whether -lc should be explicitly linked in
configure:10338: gcc -c -g -O2  conftest.c >&5
configure:10341: $? = 0
configure:10356: gcc -shared  -fPIC -DPIC conftest.o  -v -Wl,-soname -Wl,conftest -o conftest 2\>\&1 \| /usr/bin/grep  -lc  \>/dev/null 2\>\&1
configure:10359: $? = 0
configure:10373: result: no
configure:10533: checking dynamic linker characteristics
configure:11114: gcc -o conftest -g -O2   -Wl,-rpath -Wl,/foo conftest.c  >&5
configure:11114: $? = 0
configure:11363: result: GNU/Linux ld.so
configure:11485: checking how to hardcode library paths into programs
configure:11510: result: immediate
configure:12058: checking whether stripping libraries is possible
configure:12063: result: yes
configure:12098: checking if libtool supports shared libraries
configure:12100: result: yes
configure:12103: checking whether to build shared libraries
configure:12128: result: yes
configure:12131: checking whether to build static libraries
configure:12135: result: yes
configure:12173: checking whether make sets $(MAKE)
configure:12195: result: yes
configure:12263: checking for g++
configure:12279: found /usr/bin/g++
configure:12290: result: g++
configure:12317: checking for C++ compiler version
configure:12326: g++ --version >&5
g++ (Ubuntu 11.4.0-1ubuntu1~22.04) 11.4.0
Copyright (C) 2021 Free Software Foundation, Inc.
This is free software; see the source for copying conditions.  There is NO
warranty; not even for MERCHANTABILITY or FITNESS FOR A PARTICULAR PURPOSE.

configure:12337: $? = 0
configure:12326: g++ -v >&5
Using built-in specs.
COLLECT_GCC=g++
COLLECT_LTO_WRAPPER=/usr/lib/gcc/x86_64-linux-gnu/11/lto-wrapper
OFFLOAD_TARGET_NAMES=nvptx-none:amdgcn-amdhsa
OFFLOAD_TARGET_DEFAULT=1
Target: x86_64-linux-gnu
Configured with: ../src/configure -v --with-pkgversion='Ubuntu 11.4.0-1ubuntu1~22.04' --with-bugurl=file:///usr/share/doc/gcc-11/README.Bugs --enable-languages=c,ada,c++,go,brig,d,fortran,objc,obj-c++,m2 --prefix=/usr --with-gcc-major-version-only --program-suffix=-11 --program-prefix=x86_64-linux-gnu- --enable-shared --enable-linker-build-id --libexecdir=/usr/lib --without-included-gettext --enable-threads=posix --libdir=/usr/lib --enable-nls --enable-bootstrap --enable-clocale=gnu --enable-libstdcxx-debug --enable-libstdcxx-time=yes --with-default-libstdcxx-abi=new --enable-gnu-unique-object --disable-vtable-verify --enable-plugin --enable-default-pie --with-system-zlib --enable-libphobos-checking=release --with-target-system-zlib=auto --enable-objc-gc=auto --enable-multiarch --disable-werror --enable-cet --with-arch-32=i686 --with-abi=m64 --with-multilib-list=m32,m64,mx32 --enable-multilib --with-tune=generic --enable-offload-targets=nvptx-none=/build/gcc-11-XeT9lY/gcc-11-11.4.0/debian/tmp-nvptx/usr,amdgcn-amdhsa=/build/gcc-11-XeT9lY/gcc-11-11.4.0/debian/tmp-gcn/usr --without-cuda-driver --enable-checking=release --build=x86_64-linux-gnu --host=x86_64-linux-gnu --target=x86_64-linux-gnu --with-build-config=bootstrap-lto-lean --enable-link-serialization=2
Thread model: posix
Supported LTO compression algorithms: zlib zstd
gcc version 11.4.0 (Ubuntu 11.4.0-1ubuntu1~22.04) 
... rest of stderr output deleted ...
configure:12337: $? = 0
configure:12326: g++ -V >&5
g++: error: unrecognized command-line option '-V'
g++: fatal error: no input files
compilation terminated.
configure:12337: $? = 1
configure:12326: g++ -qversion >&5
g++: error: unrecognized command-line option '-qversion'; did you mean '--version'?
g++: fatal error: no input files
compilation terminated.
configure:12337: $? = 1
configure:12341: checking whether we are using the GNU C++ compiler
configure:12360: g++ -c   conftest.cpp >&5
configure:12360: $? = 0
configure:12369: result: yes
configure:12378: checking whether g++ accepts -g
configure:12398: g++ -c -g  conftest.cpp >&5
configure:12398: $? = 0
configure:12439: result: yes
configure:12464: checking dependency style of g++
configure:12575: result: gcc3
configure:12608: checking how to run the C++ preprocessor
configure:12635: g++ -E  conftest.cpp
configure:12635: $? = 0
configure:12649: g++ -E  conftest.cpp
conftest.cpp:23:10: fatal error: ac_nonexistent.h: No such file or directory
   23 | #include <ac_nonexistent.h>
      |          ^~~~~~~~~~~~~~~~~~
compilation terminated.
configure:12649: $? = 1
configure: failed program was:
| /* confdefs.h */
| #define PACKAGE_NAME "log4cpp"
| #define PACKAGE_TARNAME "log4cpp"
| #define PACKAGE_VERSION "1.1"
| #define PACKAGE_STRING "log4cpp 1.1"
| #define PACKAGE_BUGREPORT ""
| #define PACKAGE_URL ""
| #define PACKAGE "log4cpp"
| #define VERSION "1.1"
| #define STDC_HEADERS 1
| #define HAVE_SYS_TYPES_H 1
| #define HAVE_SYS_STAT_H 1
| #define HAVE_STDLIB_H 1
| #define HAVE_STRING_H 1
| #define HAVE_MEMORY_H 1
| #define HAVE_STRINGS_H 1
| #define HAVE_INTTYPES_H 1
| #define HAVE_STDINT_H 1
| #define HAVE_UNISTD_H 1
| #define HAVE_DLFCN_H 1
| #define LT_OBJDIR ".libs/"
| /* end confdefs.h.  */
| #include <ac_nonexistent.h>
configure:12674: result: g++ -E
configure:12694: g++ -E  conftest.cpp
configure:12694: $? = 0
configure:12708: g++ -E  conftest.cpp
conftest.cpp:23:10: fatal error: ac_nonexistent.h: No such file or directory
   23 | #include <ac_nonexistent.h>
      |          ^~~~~~~~~~~~~~~~~~
compilation terminated.
configure:12708: $? = 1
configure: failed program was:
| /* confdefs.h */
| #define PACKAGE_NAME "log4cpp"
| #define PACKAGE_TARNAME "log4cpp"
| #define PACKAGE_VERSION "1.1"
| #define PACKAGE_STRING "log4cpp 1.1"
| #define PACKAGE_BUGREPORT ""
| #define PACKAGE_URL ""
| #define PACKAGE "log4cpp"
| #define VERSION "1.1"
| #define STDC_HEADERS 1
| #define HAVE_SYS_TYPES_H 1
| #define HAVE_SYS_STAT_H 1
| #define HAVE_STDLIB_H 1
| #define HAVE_STRING_H 1
| #define HAVE_MEMORY_H 1
| #define HAVE_STRINGS_H 1
| #define HAVE_INTTYPES_H 1
| #define HAVE_STDINT_H 1
| #define HAVE_UNISTD_H 1
| #define HAVE_DLFCN_H 1
| #define LT_OBJDIR ".libs/"
| /* end confdefs.h.  */
| #include <ac_nonexistent.h>
configure:12870: checking for ld used by g++
configure:12937: result: /usr/bin/ld -m elf_x86_64
configure:12944: checking if the linker (/usr/bin/ld -m elf_x86_64) is GNU ld
configure:12959: result: yes
configure:13014: checking whether the g++ linker (/usr/bin/ld -m elf_x86_64) supports shared libraries
configure:14087: result: yes
configure:14123: g++ -c -g -O2  conftest.cpp >&5
configure:14126: $? = 0
configure:14607: checking for g++ option to produce PIC
configure:14614: result: -fPIC -DPIC
configure:14622: checking if g++ PIC flag -fPIC -DPIC works
configure:14640: g++ -c -g -O2  -fPIC -DPIC -DPIC conftest.cpp >&5
configure:14644: $? = 0
configure:14657: result: yes
configure:14680: checking if g++ static flag -static works
configure:14708: result: yes
configure:14720: checking if g++ supports -c -o file.o
configure:14741: g++ -c -g -O2  -o out/conftest2.o conftest.cpp >&5
configure:14745: $? = 0
configure:14767: result: yes
configure:14772: checking if g++ supports -c -o file.o
configure:14819: result: yes
configure:14849: checking whether the g++ linker (/usr/bin/ld -m elf_x86_64) supports shared libraries
configure:14892: result: yes
configure:15033: checking dynamic linker characteristics
configure:15790: result: GNU/Linux ld.so
configure:15855: checking how to hardcode library paths into programs
configure:15880: result: immediate
configure:15931: checking how to run the C++ preprocessor
configure:15997: result: g++ -E
configure:16017: g++ -E  conftest.cpp
configure:16017: $? = 0
configure:16031: g++ -E  conftest.cpp
conftest.cpp:23:10: fatal error: ac_nonexistent.h: No such file or directory
   23 | #include <ac_nonexistent.h>
      |          ^~~~~~~~~~~~~~~~~~
compilation terminated.
configure:16031: $? = 1
configure: failed program was:
| /* confdefs.h */
| #define PACKAGE_NAME "log4cpp"
| #define PACKAGE_TARNAME "log4cpp"
| #define PACKAGE_VERSION "1.1"
| #define PACKAGE_STRING "log4cpp 1.1"
| #define PACKAGE_BUGREPORT ""
| #define PACKAGE_URL ""
| #define PACKAGE "log4cpp"
| #define VERSION "1.1"
| #define STDC_HEADERS 1
| #define HAVE_SYS_TYPES_H 1
| #define HAVE_SYS_STAT_H 1
| #define HAVE_STDLIB_H 1
| #define HAVE_STRING_H 1
| #define HAVE_MEMORY_H 1
| #define HAVE_STRINGS_H 1
| #define HAVE_INTTYPES_H 1
| #define HAVE_STDINT_H 1
| #define HAVE_UNISTD_H 1
| #define HAVE_DLFCN_H 1
| #define LT_OBJDIR ".libs/"
| /* end confdefs.h.  */
| #include <ac_nonexistent.h>
configure:16070: checking for unistd.h
configure:16070: result: yes
configure:16082: checking io.h usability
configure:16082: gcc -c   conftest.c >&5
conftest.c:57:10: fatal error: io.h: No such file or directory
   57 | #include <io.h>
      |          ^~~~~~
compilation terminated.
configure:16082: $? = 1
configure: failed program was:
| /* confdefs.h */
| #define PACKAGE_NAME "log4cpp"
| #define PACKAGE_TARNAME "log4cpp"
| #define PACKAGE_VERSION "1.1"
| #define PACKAGE_STRING "log4cpp 1.1"
| #define PACKAGE_BUGREPORT ""
| #define PACKAGE_URL ""
| #define PACKAGE "log4cpp"
| #define VERSION "1.1"
| #define STDC_HEADERS 1
| #define HAVE_SYS_TYPES_H 1
| #define HAVE_SYS_STAT_H 1
| #define HAVE_STDLIB_H 1
| #define HAVE_STRING_H 1
| #define HAVE_MEMORY_H 1
| #define HAVE_STRINGS_H 1
| #define HAVE_INTTYPES_H 1
| #define HAVE_STDINT_H 1
| #define HAVE_UNISTD_H 1
| #define HAVE_DLFCN_H 1
| #define LT_OBJDIR ".libs/"
| #define HAVE_UNISTD_H 1
| /* end confdefs.h.  */
| #include <stdio.h>
| #ifdef HAVE_SYS_TYPES_H
| # include <sys/types.h>
| #endif
| #ifdef HAVE_SYS_STAT_H
| # include <sys/stat.h>
| #endif
| #ifdef STDC_HEADERS
| # include <stdlib.h>
| # include <stddef.h>
| #else
| # ifdef HAVE_STDLIB_H
| #  include <stdlib.h>
| # endif
| #endif
| #ifdef HAVE_STRING_H
| # if !defined STDC_HEADERS && defined HAVE_MEMORY_H
| #  include <memory.h>
| # endif
| # include <string.h>
| #endif
| #ifdef HAVE_STRINGS_H
| # include <strings.h>
| #endif
| #ifdef HAVE_INTTYPES_H
| # include <inttypes.h>
| #endif
| #ifdef HAVE_STDINT_H
| # include <stdint.h>
| #endif
| #ifdef HAVE_UNISTD_H
| # include <unistd.h>
| #endif
| #include <io.h>
configure:16082: result: no
configure:16082: checking io.h presence
configure:16082: gcc -E  conftest.c
conftest.c:24:10: fatal error: io.h: No such file or directory
   24 | #include <io.h>
      |          ^~~~~~
compilation terminated.
configure:16082: $? = 1
configure: failed program was:
| /* confdefs.h */
| #define PACKAGE_NAME "log4cpp"
| #define PACKAGE_TARNAME "log4cpp"
| #define PACKAGE_VERSION "1.1"
| #define PACKAGE_STRING "log4cpp 1.1"
| #define PACKAGE_BUGREPORT ""
| #define PACKAGE_URL ""
| #define PACKAGE "log4cpp"
| #define VERSION "1.1"
| #define STDC_HEADERS 1
| #define HAVE_SYS_TYPES_H 1
| #define HAVE_SYS_STAT_H 1
| #define HAVE_STDLIB_H 1
| #define HAVE_STRING_H 1
| #define HAVE_MEMORY_H 1
| #define HAVE_STRINGS_H 1
| #define HAVE_INTTYPES_H 1
| #define HAVE_STDINT_H 1
| #define HAVE_UNISTD_H 1
| #define HAVE_DLFCN_H 1
| #define LT_OBJDIR ".libs/"
| #define HAVE_UNISTD_H 1
| /* end confdefs.h.  */
| #include <io.h>
configure:16082: result: no
configure:16082: checking for io.h
configure:16082: result: no
configure:16095: checking for int64_t
configure:16111: gcc -c   conftest.c >&5
configure:16111: $? = 0
configure:16119: result: yes
configure:16130: checking for working snprintf
configure:16144: gcc -o conftest    conftest.c  >&5
conftest.c:24: warning: "HAVE_STDINT_H" redefined
   24 | #define HAVE_STDINT_H /**/
      | 
conftest.c:18: note: this is the location of the previous definition
   18 | #define HAVE_STDINT_H 1
      | 
configure:16144: $? = 0
configure:16144: ./conftest
configure:16144: $? = 0
configure:16154: result: yes
configure:16166: checking for syslog
configure:16166: gcc -o conftest    conftest.c  >&5
conftest.c:24: warning: "HAVE_STDINT_H" redefined
   24 | #define HAVE_STDINT_H /**/
      | 
conftest.c:18: note: this is the location of the previous definition
   18 | #define HAVE_STDINT_H 1
      | 
configure:16166: $? = 0
configure:16166: result: yes
configure:16177: checking for gettimeofday
configure:16177: gcc -o conftest    conftest.c  >&5
conftest.c:24: warning: "HAVE_STDINT_H" redefined
   24 | #define HAVE_STDINT_H /**/
      | 
conftest.c:18: note: this is the location of the previous definition
   18 | #define HAVE_STDINT_H 1
      | 
configure:16177: $? = 0
configure:16177: result: yes
configure:16188: checking for ftime
configure:16188: gcc -o conftest    conftest.c  >&5
conftest.c:24: warning: "HAVE_STDINT_H" redefined
   24 | #define HAVE_STDINT_H /**/
      | 
conftest.c:18: note: this is the location of the previous definition
   18 | #define HAVE_STDINT_H 1
      | 
configure:16188: $? = 0
configure:16188: result: yes
configure:16199: checking for localtime_r
configure:16199: gcc -o conftest    conftest.c  >&5
conftest.c:24: warning: "HAVE_STDINT_H" redefined
   24 | #define HAVE_STDINT_H /**/
      | 
conftest.c:18: note: this is the location of the previous definition
   18 | #define HAVE_STDINT_H 1
      | 
configure:16199: $? = 0
configure:16199: result: yes
configure:16378: checking for the pthreads library -lpthreads
configure:16411: gcc -o conftest     conftest.c -lpthreads  >&5
conftest.c:24: warning: "HAVE_STDINT_H" redefined
   24 | #define HAVE_STDINT_H /**/
      | 
conftest.c:18: note: this is the location of the previous definition
   18 | #define HAVE_STDINT_H 1
      | 
conftest.c: In function 'main':
conftest.c:36:22: warning: argument 1 null where non-null expected [-Wnonnull]
   36 |                      pthread_attr_init(0); pthread_cleanup_push(0, 0);
      |                      ^~~~~~~~~~~~~~~~~
In file included from conftest.c:31:
/usr/include/pthread.h:285:12: note: in a call to function 'pthread_attr_init' declared 'nonnull'
  285 | extern int pthread_attr_init (pthread_attr_t *__attr) __THROW __nonnull ((1));
      |            ^~~~~~~~~~~~~~~~~
conftest.c:37:22: warning: argument 1 null where non-null expected [-Wnonnull]
   37 |                      pthread_create(0,0,0,0); pthread_cleanup_pop(0);
      |                      ^~~~~~~~~~~~~~
In file included from conftest.c:31:
/usr/include/pthread.h:202:12: note: in a call to function 'pthread_create' declared 'nonnull'
  202 | extern int pthread_create (pthread_t *__restrict __newthread,
      |            ^~~~~~~~~~~~~~
conftest.c:37:22: warning: argument 3 null where non-null expected [-Wnonnull]
   37 |                      pthread_create(0,0,0,0); pthread_cleanup_pop(0);
      |                      ^~~~~~~~~~~~~~
In file included from conftest.c:31:
/usr/include/pthread.h:202:12: note: in a call to function 'pthread_create' declared 'nonnull'
  202 | extern int pthread_create (pthread_t *__restrict __newthread,
      |            ^~~~~~~~~~~~~~
/usr/bin/ld: cannot find -lpthreads: No such file or directory
collect2: error: ld returned 1 exit status
configure:16411: $? = 1
configure: failed program was:
| /* confdefs.h */
| #define PACKAGE_NAME "log4cpp"
| #define PACKAGE_TARNAME "log4cpp"
| #define PACKAGE_VERSION "1.1"
| #define PACKAGE_STRING "log4cpp 1.1"
| #define PACKAGE_BUGREPORT ""
| #define PACKAGE_URL ""
| #define PACKAGE "log4cpp"
| #define VERSION "1.1"
| #define STDC_HEADERS 1
| #define HAVE_SYS_TYPES_H 1
| #define HAVE_SYS_STAT_H 1
| #define HAVE_STDLIB_H 1
| #define HAVE_STRING_H 1
| #define HAVE_MEMORY_H 1
| #define HAVE_STRINGS_H 1
| #define HAVE_INTTYPES_H 1
| #define HAVE_STDINT_H 1
| #define HAVE_UNISTD_H 1
| #define HAVE_DLFCN_H 1
| #define LT_OBJDIR ".libs/"
| #define HAVE_UNISTD_H 1
| #define HAVE_INT64_T /**/
| #define HAVE_STDINT_H /**/
| #define HAVE_SNPRINTF /**/
| #define HAVE_SYSLOG 1
| #define HAVE_GETTIMEOFDAY 1
| #define HAVE_FTIME 1
| #define HAVE_LOCALTIME_R 1
| /* end confdefs.h.  */
| #include <pthread.h>
| int
| main ()
| {
| pthread_t th; pthread_join(th, 0);
|                      pthread_attr_init(0); pthread_cleanup_push(0, 0);
|                      pthread_create(0,0,0,0); pthread_cleanup_pop(0);
|   ;
|   return 0;
| }
configure:16420: result: no
configure:16323: checking whether pthreads work without any flags
configure:16411: gcc -o conftest     conftest.c   >&5
conftest.c:24: warning: "HAVE_STDINT_H" redefined
   24 | #define HAVE_STDINT_H /**/
      | 
conftest.c:18: note: this is the location of the previous definition
   18 | #define HAVE_STDINT_H 1
      | 
conftest.c: In function 'main':
conftest.c:36:22: warning: argument 1 null where non-null expected [-Wnonnull]
   36 |                      pthread_attr_init(0); pthread_cleanup_push(0, 0);
      |                      ^~~~~~~~~~~~~~~~~
In file included from conftest.c:31:
/usr/include/pthread.h:285:12: note: in a call to function 'pthread_attr_init' declared 'nonnull'
  285 | extern int pthread_attr_init (pthread_attr_t *__attr) __THROW __nonnull ((1));
      |            ^~~~~~~~~~~~~~~~~
conftest.c:37:22: warning: argument 1 null where non-null expected [-Wnonnull]
   37 |                      pthread_create(0,0,0,0); pthread_cleanup_pop(0);
      |                      ^~~~~~~~~~~~~~
In file included from conftest.c:31:
/usr/include/pthread.h:202:12: note: in a call to function 'pthread_create' declared 'nonnull'
  202 | extern int pthread_create (pthread_t *__restrict __newthread,
      |            ^~~~~~~~~~~~~~
conftest.c:37:22: warning: argument 3 null where non-null expected [-Wnonnull]
   37 |                      pthread_create(0,0,0,0); pthread_cleanup_pop(0);
      |                      ^~~~~~~~~~~~~~
In file included from conftest.c:31:
/usr/include/pthread.h:202:12: note: in a call to function 'pthread_create' declared 'nonnull'
  202 | extern int pthread_create (pthread_t *__restrict __newthread,
      |            ^~~~~~~~~~~~~~
configure:16411: $? = 0
configure:16420: result: yes
configure:16439: checking for joinable pthread attribute
configure:16454: gcc -o conftest     conftest.c   >&5
conftest.c:24: warning: "HAVE_STDINT_H" redefined
   24 | #define HAVE_STDINT_H /**/
      | 
conftest.c:18: note: this is the location of the previous definition
   18 | #define HAVE_STDINT_H 1
      | 
configure:16454: $? = 0
configure:16460: result: PTHREAD_CREATE_JOINABLE
configure:16470: checking if more special flags are required for pthreads
configure:16484: result: no
configure:16587: checking whether the compiler implements namespaces
configure:16609: g++ -c    conftest.cpp >&5
conftest.cpp:24: warning: "HAVE_STDINT_H" redefined
   24 | #define HAVE_STDINT_H /**/
      | 
conftest.cpp:18: note: this is the location of the previous definition
   18 | #define HAVE_STDINT_H 1
      | 
configure:16609: $? = 0
configure:16623: result: yes
configure:16631: checking whether the compiler has stringstream
configure:16657: g++ -c    conftest.cpp >&5
conftest.cpp:24: warning: "HAVE_STDINT_H" redefined
   24 | #define HAVE_STDINT_H /**/
      | 
conftest.cpp:18: note: this is the location of the previous definition
   18 | #define HAVE_STDINT_H 1
      | 
configure:16657: $? = 0
configure:16671: result: yes
configure:16764: checking for doxygen
configure:16797: result: no
configure:16922: checking for socket in -lsocket
configure:16947: g++ -o conftest   -Wall -Wno-unused -pedantic   conftest.cpp -lsocket    >&5
conftest.cpp:24: warning: "HAVE_STDINT_H" redefined
   24 | #define HAVE_STDINT_H /**/
      | 
conftest.cpp:18: note: this is the location of the previous definition
   18 | #define HAVE_STDINT_H 1
      | 
/usr/bin/ld: cannot find -lsocket: No such file or directory
collect2: error: ld returned 1 exit status
configure:16947: $? = 1
configure: failed program was:
| /* confdefs.h */
| #define PACKAGE_NAME "log4cpp"
| #define PACKAGE_TARNAME "log4cpp"
| #define PACKAGE_VERSION "1.1"
| #define PACKAGE_STRING "log4cpp 1.1"
| #define PACKAGE_BUGREPORT ""
| #define PACKAGE_URL ""
| #define PACKAGE "log4cpp"
| #define VERSION "1.1"
| #define STDC_HEADERS 1
| #define HAVE_SYS_TYPES_H 1
| #define HAVE_SYS_STAT_H 1
| #define HAVE_STDLIB_H 1
| #define HAVE_STRING_H 1
| #define HAVE_MEMORY_H 1
| #define HAVE_STRINGS_H 1
| #define HAVE_INTTYPES_H 1
| #define HAVE_STDINT_H 1
| #define HAVE_UNISTD_H 1
| #define HAVE_DLFCN_H 1
| #define LT_OBJDIR ".libs/"
| #define HAVE_UNISTD_H 1
| #define HAVE_INT64_T /**/
| #define HAVE_STDINT_H /**/
| #define HAVE_SNPRINTF /**/
| #define HAVE_SYSLOG 1
| #define HAVE_GETTIMEOFDAY 1
| #define HAVE_FTIME 1
| #define HAVE_LOCALTIME_R 1
| #define HAVE_PTHREAD 1
| #define HAVE_THREADING 1
| #define USE_PTHREADS 1
| #define HAVE_NAMESPACES /**/
| #define HAVE_SSTREAM /**/
| /* end confdefs.h.  */
| 
| /* Override any GCC internal prototype to avoid an error.
|    Use char because int might match the return type of a GCC
|    builtin and then its argument prototype would still apply.  */
| #ifdef __cplusplus
| extern "C"
| #endif
| char socket ();
| int
| main ()
| {
| return socket ();
|   ;
|   return 0;
| }
configure:16956: result: no
configure:16962: checking for gethostbyname in -lnsl
configure:16987: g++ -o conftest   -Wall -Wno-unused -pedantic   conftest.cpp -lnsl    >&5
conftest.cpp:24: warning: "HAVE_STDINT_H" redefined
   24 | #define HAVE_STDINT_H /**/
      | 
conftest.cpp:18: note: this is the location of the previous definition
   18 | #define HAVE_STDINT_H 1
      | 
configure:16987: $? = 0
configure:16996: result: yes
configure:17051: creating log4cpp-config.in
configure:17224: creating log4cpp.pc.in
configure:17375: checking that generated files are newer than configure
configure:17381: result: done
configure:17420: creating ./config.status

## ---------------------- ##
## Running config.status. ##
## ---------------------- ##

This file was extended by log4cpp config.status 1.1, which was
generated by GNU Autoconf 2.69.  Invocation command line was

  CONFIG_FILES    = 
  CONFIG_HEADERS  = 
  CONFIG_LINKS    = 
  CONFIG_COMMANDS = 
  $ ./config.status 

on yii

config.status:1214: creating Makefile
config.status:1214: creating log4cpp.spec
config.status:1214: creating log4cpp.pc
config.status:1214: creating log4cpp-config
config.status:1322: WARNING:  'log4cpp-config.in' seems to ignore the --datarootdir setting
config.status:1214: creating config/Makefile
config.status:1214: creating doc/Makefile
config.status:1214: creating doc/Doxyfile
config.status:1214: creating doc/html/Makefile
config.status:1214: creating src/Makefile
config.status:1214: creating include/Makefile
config.status:1214: creating include/log4cpp/Makefile
config.status:1214: creating include/log4cpp/threading/Makefile
config.status:1214: creating tests/Makefile
config.status:1214: creating msvc6/Makefile
config.status:1214: creating msvc6/log4cpp/Makefile
config.status:1214: creating msvc6/log4cppDLL/Makefile
config.status:1214: creating msvc6/testCategory/Makefile
config.status:1214: creating msvc6/testDLL/Makefile
config.status:1214: creating msvc6/testMain/Makefile
config.status:1214: creating msvc6/testNDC/Makefile
config.status:1214: creating msvc6/testNTEventLog/Makefile
config.status:1214: creating msvc6/testPattern/Makefile
config.status:1214: creating bcb5/Makefile
config.status:1214: creating bcb5/log4cpp/Makefile
config.status:1214: creating bcb5/testCategory/Makefile
config.status:1214: creating bcb5/testConfig/Makefile
config.status:1214: creating bcb5/testFixedContextCategory/Makefile
config.status:1214: creating bcb5/testmain/Makefile
config.status:1214: creating bcb5/testNDC/Makefile
config.status:1214: creating bcb5/testPattern/Makefile
config.status:1214: creating openvms/Makefile
config.status:1214: creating include/config.h
config.status:1395: include/config.h is unchanged
config.status:1443: executing depfiles commands
config.status:1520: cd src       && sed -e '/# am--include-marker/d' Makefile         | make -f - am--depfiles
make: Nothing to be done for 'am--depfiles'.
config.status:1525: $? = 0
config.status:1520: cd tests       && sed -e '/# am--include-marker/d' Makefile         | make -f - am--depfiles
make: Nothing to be done for 'am--depfiles'.
config.status:1525: $? = 0
config.status:1443: executing libtool commands
configure:19878: result: creating include/log4cpp/config.h - prefix LOG4CPP for include/config.h defines

## ---------------- ##
## Cache variables. ##
## ---------------- ##

ac_cv_build=x86_64-unknown-linux-gnu
ac_cv_c_compiler_gnu=yes
ac_cv_c_int64_t=yes
ac_cv_cxx_compiler_gnu=yes
ac_cv_cxx_have_sstream=yes
ac_cv_cxx_namespaces=yes
ac_cv_env_CCC_set=
ac_cv_env_CCC_value=
ac_cv_env_CC_set=
ac_cv_env_CC_value=
ac_cv_env_CFLAGS_set=
ac_cv_env_CFLAGS_value=
ac_cv_env_CPPFLAGS_set=
ac_cv_env_CPPFLAGS_value=
ac_cv_env_CPP_set=
ac_cv_env_CPP_value=
ac_cv_env_CXXCPP_set=
ac_cv_env_CXXCPP_value=
ac_cv_env_CXXFLAGS_set=
ac_cv_env_CXXFLAGS_value=
ac_cv_env_CXX_set=
ac_cv_env_CXX_value=
ac_cv_env_LDFLAGS_set=
ac_cv_env_LDFLAGS_value=
ac_cv_env_LIBS_set=
ac_cv_env_LIBS_value=
ac_cv_env_LT_SYS_LIBRARY_PATH_set=
ac_cv_env_LT_SYS_LIBRARY_PATH_value=
ac_cv_env_build_alias_set=
ac_cv_env_build_alias_value=
ac_cv_env_host_alias_set=
ac_cv_env_host_alias_value=
ac_cv_env_target_alias_set=
ac_cv_env_target_alias_value=
ac_cv_func_ftime=yes
ac_cv_func_gettimeofday=yes
ac_cv_func_localtime_r=yes
ac_cv_func_snprintf=yes
ac_cv_func_syslog=yes
ac_cv_header_dlfcn_h=yes
ac_cv_header_inttypes_h=yes
ac_cv_header_io_h=no
ac_cv_header_memory_h=yes
ac_cv_header_stdc=yes
ac_cv_header_stdint_h=yes
ac_cv_header_stdlib_h=yes
ac_cv_header_string_h=yes
ac_cv_header_strings_h=yes
ac_cv_header_sys_stat_h=yes
ac_cv_header_sys_types_h=yes
ac_cv_header_unistd_h=yes
ac_cv_host=x86_64-unknown-linux-gnu
ac_cv_lib_nsl_gethostbyname=yes
ac_cv_lib_socket_socket=no
ac_cv_objext=o
ac_cv_path_EGREP='/usr/bin/grep -E'
ac_cv_path_FGREP='/usr/bin/grep -F'
ac_cv_path_GREP=/usr/bin/grep
ac_cv_path_SED=/usr/bin/sed
ac_cv_path_install='/usr/bin/install -c'
ac_cv_path_lt_DD=/usr/bin/dd
ac_cv_path_mkdir=/usr/bin/mkdir
ac_cv_prog_AWK=mawk
ac_cv_prog_CPP='gcc -E'
ac_cv_prog_CXXCPP='g++ -E'
ac_cv_prog_ac_ct_AR=ar
ac_cv_prog_ac_ct_CC=gcc
ac_cv_prog_ac_ct_CXX=g++
ac_cv_prog_ac_ct_MANIFEST_TOOL=mt
ac_cv_prog_ac_ct_OBJDUMP=objdump
ac_cv_prog_ac_ct_RANLIB=ranlib
ac_cv_prog_ac_ct_STRIP=strip
ac_cv_prog_cc_c89=
ac_cv_prog_cc_g=yes
ac_cv_prog_cxx_g=yes
ac_cv_prog_make_make_set=yes
am_cv_CC_dependencies_compiler_type=gcc3
am_cv_CXX_dependencies_compiler_type=gcc3
am_cv_make_support_nested_variables=yes
am_cv_prog_cc_c_o=yes
lt_cv_ar_at_file=@
lt_cv_archive_cmds_need_lc=no
lt_cv_deplibs_check_method=pass_all
lt_cv_file_magic_cmd='$MAGIC_CMD'
lt_cv_file_magic_test_file=
lt_cv_ld_reload_flag=-r
lt_cv_nm_interface='BSD nm'
lt_cv_objdir=.libs
lt_cv_path_LD=/usr/bin/ld
lt_cv_path_LDCXX='/usr/bin/ld -m elf_x86_64'
lt_cv_path_NM='/usr/bin/nm -B'
lt_cv_path_mainfest_tool=no
lt_cv_prog_compiler_c_o=yes
lt_cv_prog_compiler_c_o_CXX=yes
lt_cv_prog_compiler_pic='-fPIC -DPIC'
lt_cv_prog_compiler_pic_CXX='-fPIC -DPIC'
lt_cv_prog_compiler_pic_works=yes
lt_cv_prog_compiler_pic_works_CXX=yes
lt_cv_prog_compiler_rtti_exceptions=no
lt_cv_prog_compiler_static_works=yes
lt_cv_prog_compiler_static_works_CXX=yes
lt_cv_prog_gnu_ld=yes
lt_cv_prog_gnu_ldcxx=yes
lt_cv_sharedlib_from_linklib_cmd='printf %s\n'
lt_cv_shlibpath_overrides_runpath=yes
lt_cv_sys_global_symbol_pipe='sed -n -e '\''s/^.*[	 ]\([ABCDGIRSTW][ABCDGIRSTW]*\)[	 ][	 ]*\([_A-Za-z][_A-Za-z0-9]*\)$/\1 \2 \2/p'\'' | sed '\''/ __gnu_lto/d'\'''
lt_cv_sys_global_symbol_to_c_name_address='sed -n -e '\''s/^: \(.*\) .*$/  {"\1", (void *) 0},/p'\'' -e '\''s/^[ABCDGIRSTW][ABCDGIRSTW]* .* \(.*\)$/  {"\1", (void *) \&\1},/p'\'''
lt_cv_sys_global_symbol_to_c_name_address_lib_prefix='sed -n -e '\''s/^: \(.*\) .*$/  {"\1", (void *) 0},/p'\'' -e '\''s/^[ABCDGIRSTW][ABCDGIRSTW]* .* \(lib.*\)$/  {"\1", (void *) \&\1},/p'\'' -e '\''s/^[ABCDGIRSTW][ABCDGIRSTW]* .* \(.*\)$/  {"lib\1", (void *) \&\1},/p'\'''
lt_cv_sys_global_symbol_to_cdecl='sed -n -e '\''s/^T .* \(.*\)$/extern int \1();/p'\'' -e '\''s/^[ABCDGIRSTW][ABCDGIRSTW]* .* \(.*\)$/extern char \1;/p'\'''
lt_cv_sys_global_symbol_to_import=
lt_cv_sys_max_cmd_len=1572864
lt_cv_to_host_file_cmd=func_convert_file_noop
lt_cv_to_tool_file_cmd=func_convert_file_noop
lt_cv_truncate_bin='/usr/bin/dd bs=4096 count=1'

## ----------------- ##
## Output variables. ##
## ----------------- ##

ACLOCAL='${SHELL} /home/yii/work/env_src/log4cpp/config/missing aclocal-1.16'
AMDEPBACKSLASH='\'
AMDEP_FALSE='#'
AMDEP_TRUE=''
AMTAR='$${TAR-tar}'
AM_BACKSLASH='\'
AM_DEFAULT_V='$(AM_DEFAULT_VERBOSITY)'
AM_DEFAULT_VERBOSITY='1'
AM_V='$(V)'
AR='ar'
AUTOCONF='${SHELL} /home/yii/work/env_src/log4cpp/config/missing autoconf'
AUTOHEADER='${SHELL} /home/yii/work/env_src/log4cpp/config/missing autoheader'
AUTOMAKE='${SHELL} /home/yii/work/env_src/log4cpp/config/missing automake-1.16'
AWK='mawk'
CC='gcc'
CCDEPMODE='depmode=gcc3'
CFLAGS='  -Wall -Wno-unused -pedantic'
CPP='gcc -E'
CPPFLAGS=''
CXX='g++'
CXXCPP='g++ -E'
CXXDEPMODE='depmode=gcc3'
CXXFLAGS='  -Wall -Wno-unused -pedantic'
CYGPATH_W='echo'
DEFS='-DHAVE_CONFIG_H'
DEPDIR='.deps'
DISABLE_REMOTE_SYSLOG_FALSE=''
DISABLE_REMOTE_SYSLOG_TRUE='#'
DISABLE_SMTP_FALSE=''
DISABLE_SMTP_TRUE='#'
DLLTOOL='false'
DOC_FALSE=''
DOC_TRUE='#'
DOT=''
DOXYGEN=''
DSYMUTIL=''
DUMPBIN=''
ECHO_C=''
ECHO_N='-n'
ECHO_T=''
EGREP='/usr/bin/grep -E'
EXEEXT=''
FGREP='/usr/bin/grep -F'
GREP='/usr/bin/grep'
INSTALL_DATA='${INSTALL} -m 644'
INSTALL_PROGRAM='${INSTALL}'
INSTALL_SCRIPT='${INSTALL}'
INSTALL_STRIP_PROGRAM='$(install_sh) -c -s'
LD='/usr/bin/ld -m elf_x86_64'
LDFLAGS=''
LIBOBJS=''
LIBS='-lnsl  '
LIBTOOL='$(SHELL) $(top_builddir)/libtool'
LIPO=''
LN_S='ln -s'
LOG4CPP_CONFIG='log4cpp-config'
LOG4CPP_CONFLICTS=''
LOG4CPP_PKGCONFIG='log4cpp-config'
LOG4CPP_REQUIRES=''
LOG4CPP_VERSION='1.1'
LTLIBOBJS=''
LT_SYS_LIBRARY_PATH=''
LT_VERSION='5:6:0'
MAKEINFO='${SHELL} /home/yii/work/env_src/log4cpp/config/missing makeinfo'
MANIFEST_TOOL=':'
MKDIR_P='/usr/bin/mkdir -p'
NM='/usr/bin/nm -B'
NMEDIT=''
OBJDUMP='objdump'
OBJEXT='o'
OTOOL64=''
OTOOL=''
PACKAGE='log4cpp'
PACKAGE_BUGREPORT=''
PACKAGE_NAME='log4cpp'
PACKAGE_STRING='log4cpp 1.1'
PACKAGE_TARNAME='log4cpp'
PACKAGE_URL=''
PACKAGE_VERSION='1.1'
PATH_SEPARATOR=':'
PTHREAD_CC='gcc'
PTHREAD_CFLAGS=''
PTHREAD_LIBS=''
RANLIB='ranlib'
SED='/usr/bin/sed'
SET_MAKE=''
SHELL='/bin/bash'
STRIP='strip'
VERSION='1.1'
ac_ct_AR='ar'
ac_ct_CC='gcc'
ac_ct_CXX='g++'
ac_ct_DUMPBIN=''
acx_pthread_config=''
am__EXEEXT_FALSE=''
am__EXEEXT_TRUE='#'
am__fastdepCC_FALSE='#'
am__fastdepCC_TRUE=''
am__fastdepCXX_FALSE='#'
am__fastdepCXX_TRUE=''
am__include='include'
am__isrc=''
am__leading_dot='.'
am__nodep='_no'
am__quote=''
am__tar='$${TAR-tar} chof - "$$tardir"'
am__untar='$${TAR-tar} xf -'
bindir='${exec_prefix}/bin'
build='x86_64-unknown-linux-gnu'
build_alias=''
build_cpu='x86_64'
build_os='linux-gnu'
build_vendor='unknown'
datadir='${datarootdir}'
datarootdir='${prefix}/share'
docdir='${datarootdir}/doc/${PACKAGE_TARNAME}'
dvidir='${docdir}'
enable_dot='no'
enable_html_docs='yes'
enable_latex_docs='no'
exec_prefix='${prefix}'
host='x86_64-unknown-linux-gnu'
host_alias=''
host_cpu='x86_64'
host_os='linux-gnu'
host_vendor='unknown'
htmldir='${docdir}'
includedir='${prefix}/include'
infodir='${datarootdir}/info'
install_sh='${SHELL} /home/yii/work/env_src/log4cpp/config/install-sh'
libdir='${exec_prefix}/lib'
libexecdir='${exec_prefix}/libexec'
localedir='${datarootdir}/locale'
localstatedir='${prefix}/var'
log4cpp_cflags=' '
log4cpp_libs='-llog4cpp  '
mandir='${datarootdir}/man'
mkdir_p='$(MKDIR_P)'
oldincludedir='/usr/include'
pdfdir='${docdir}'
prefix='/home/yii/QiLe_ENV'
program_transform_name='s,x,x,'
psdir='${docdir}'
runstatedir='${localstatedir}/run'
sbindir='${exec_prefix}/sbin'
sharedstatedir='${prefix}/com'
sysconfdir='${prefix}/etc'
target=''
target_alias=''

## ----------- ##
## confdefs.h. ##
## ----------- ##

/* confdefs.h */
#define PACKAGE_NAME "log4cpp"
#define PACKAGE_TARNAME "log4cpp"
#define PACKAGE_VERSION "1.1"
#define PACKAGE_STRING "log4cpp 1.1"
#define PACKAGE_BUGREPORT ""
#define PACKAGE_URL ""
#define PACKAGE "log4cpp"
#define VERSION "1.1"
#define STDC_HEADERS 1
#define HAVE_SYS_TYPES_H 1
#define HAVE_SYS_STAT_H 1
#define HAVE_STDLIB_H 1
#define HAVE_STRING_H 1
#define HAVE_MEMORY_H 1
#define HAVE_STRINGS_H 1
#define HAVE_INTTYPES_H 1
#define HAVE_STDINT_H 1
#define HAVE_UNISTD_H 1
#define HAVE_DLFCN_H 1
#define LT_OBJDIR ".libs/"
#define HAVE_UNISTD_H 1
#define HAVE_INT64_T /**/
#define HAVE_STDINT_H /**/
#define HAVE_SNPRINTF /**/
#define HAVE_SYSLOG 1
#define HAVE_GETTIMEOFDAY 1
#define HAVE_FTIME 1
#define HAVE_LOCALTIME_R 1
#define HAVE_PTHREAD 1
#define HAVE_THREADING 1
#define USE_PTHREADS 1
#define HAVE_NAMESPACES /**/
#define HAVE_SSTREAM /**/

configure: exit 0
